TN:
SF:src/core/entities/entity.ts
FN:7,get id
FN:11,Entity
FNF:2
FNH:2
FNDA:11,get id
FNDA:12,Entity
DA:1,1
DA:3,1
DA:7,1
DA:8,11
DA:9,11
DA:11,1
DA:12,12
DA:13,12
DA:14,12
DA:15,1
LF:10
LH:10
BRDA:7,0,0,11
BRDA:11,1,0,12
BRDA:13,2,0,4
BRF:3
BRH:3
end_of_record
TN:
SF:src/core/entities/unique-entity-id.ts
FN:6,toString
FN:10,toValue
FN:14,UniqueEntityID
FNF:3
FNH:2
FNDA:19,toString
FNDA:0,toValue
FNDA:20,UniqueEntityID
DA:1,1
DA:3,1
DA:6,1
DA:7,19
DA:8,19
DA:10,1
DA:11,0
DA:12,0
DA:14,1
DA:15,20
DA:16,20
DA:17,1
LF:12
LH:10
BRDA:6,0,0,19
BRDA:14,1,0,20
BRDA:15,2,0,12
BRF:3
BRH:3
end_of_record
TN:
SF:src/core/repositories/pagination-params.ts
FN:1,(empty-report)
FNF:1
FNH:1
FNDA:1,(empty-report)
DA:8,0
DA:9,0
DA:10,0
DA:11,0
DA:12,0
DA:13,0
LF:6
LH:0
BRDA:1,0,0,1
BRF:1
BRH:1
end_of_record
TN:
SF:src/modules/bookings/applications/use-cases/create-booking-use-case.ts
FN:1,(empty-report)
FNF:1
FNH:0
FNDA:0,(empty-report)
DA:1,0
DA:3,0
DA:13,0
DA:14,0
DA:16,0
DA:17,0
DA:18,0
DA:19,0
DA:20,0
DA:21,0
DA:23,0
DA:24,0
DA:25,0
DA:27,0
DA:28,0
DA:29,0
DA:30,0
DA:31,0
DA:32,0
DA:33,0
DA:34,0
DA:36,0
DA:37,0
DA:38,0
DA:39,0
LF:25
LH:0
BRDA:1,0,0,0
BRF:1
BRH:0
end_of_record
TN:
SF:src/modules/bookings/domain/entities/booking.ts
FN:1,(empty-report)
FNF:1
FNH:0
FNDA:0,(empty-report)
DA:1,0
DA:2,0
DA:3,0
DA:4,0
DA:7,0
DA:8,0
DA:9,0
DA:10,0
DA:11,0
DA:12,0
DA:13,0
DA:14,0
DA:15,0
DA:16,0
DA:17,0
LF:15
LH:0
BRDA:1,0,0,0
BRF:1
BRH:0
end_of_record
TN:
SF:src/modules/bookings/domain/repositories/booking-repository.ts
FN:1,(empty-report)
FNF:1
FNH:1
FNDA:1,(empty-report)
LF:0
LH:0
BRDA:1,0,0,1
BRF:1
BRH:1
end_of_record
TN:
SF:src/modules/users/application/use-cases/authenticate-user/authenticate-user-use-case.ts
FN:10,AuthenticateUserUseCase
FN:12,execute
FNF:2
FNH:2
FNDA:3,AuthenticateUserUseCase
FNDA:3,execute
DA:9,1
DA:10,1
DA:12,1
DA:13,3
DA:15,3
DA:16,1
DA:17,1
DA:19,2
DA:21,3
DA:22,1
DA:23,1
DA:25,1
DA:26,3
DA:27,1
LF:14
LH:14
BRDA:10,0,0,3
BRDA:12,1,0,3
BRDA:15,2,0,1
BRDA:17,3,0,2
BRDA:21,4,0,1
BRF:5
BRH:5
end_of_record
TN:
SF:src/modules/users/application/use-cases/count/count-user.use-case.ts
FN:4,CountUsersUseCase
FN:6,execute
FNF:2
FNH:2
FNDA:1,CountUsersUseCase
FNDA:1,execute
DA:3,1
DA:4,1
DA:6,1
DA:7,1
DA:8,1
DA:9,1
LF:6
LH:6
BRDA:4,0,0,1
BRDA:6,1,0,1
BRF:2
BRH:2
end_of_record
TN:
SF:src/modules/users/application/use-cases/create-user/create-user.use-case.ts
FN:14,CreateUserUseCase
FN:16,execute
FNF:2
FNH:2
FNDA:2,CreateUserUseCase
FNDA:3,execute
DA:2,1
DA:4,1
DA:13,1
DA:14,1
DA:16,1
DA:17,3
DA:18,3
DA:20,2
DA:22,2
DA:23,2
DA:24,2
DA:25,2
DA:26,2
DA:27,2
DA:29,2
DA:30,2
DA:31,3
DA:32,1
LF:18
LH:18
BRDA:14,0,0,2
BRDA:16,1,0,3
BRDA:18,2,0,1
BRDA:18,3,0,2
BRF:4
BRH:4
end_of_record
TN:
SF:src/modules/users/application/use-cases/delete-user/delete-user.use-case.ts
FN:4,DeleteUserUseCase
FN:6,execute
FNF:2
FNH:2
FNDA:1,DeleteUserUseCase
FNDA:1,execute
DA:3,1
DA:4,1
DA:6,1
DA:7,1
DA:8,1
DA:9,1
LF:6
LH:6
BRDA:4,0,0,1
BRDA:6,1,0,1
BRF:2
BRH:2
end_of_record
TN:
SF:src/modules/users/application/use-cases/find-user/find-all-users.use-case.ts
FN:6,FindAllUsersUseCase
FN:8,execute
FNF:2
FNH:2
FNDA:1,FindAllUsersUseCase
FNDA:1,execute
DA:5,1
DA:6,1
DA:8,1
DA:9,1
DA:10,1
DA:11,1
LF:6
LH:6
BRDA:6,0,0,1
BRDA:8,1,0,1
BRF:2
BRH:2
end_of_record
TN:
SF:src/modules/users/application/use-cases/find-user/find-user-by-email.use-case.ts
FN:5,FindUserByEmailUseCase
FN:7,execute
FNF:2
FNH:2
FNDA:1,FindUserByEmailUseCase
FNDA:1,execute
DA:4,1
DA:5,1
DA:7,1
DA:8,1
DA:9,1
DA:10,1
LF:6
LH:6
BRDA:5,0,0,1
BRDA:7,1,0,1
BRF:2
BRH:2
end_of_record
TN:
SF:src/modules/users/application/use-cases/find-user/find-user-by-id.use-case.ts
FN:6,FindUserByIdUseCase
FN:8,execute
FNF:2
FNH:2
FNDA:1,FindUserByIdUseCase
FNDA:1,execute
DA:5,1
DA:6,1
DA:8,1
DA:9,1
DA:10,1
DA:11,1
LF:6
LH:6
BRDA:6,0,0,1
BRDA:8,1,0,1
BRF:2
BRH:2
end_of_record
TN:
SF:src/modules/users/application/use-cases/update-user/update-user.use-case.ts
FN:12,UpdateUserUseCase
FN:14,execute
FNF:2
FNH:2
FNDA:1,UpdateUserUseCase
FNDA:1,execute
DA:11,1
DA:12,1
DA:14,1
DA:15,1
DA:16,1
DA:18,1
DA:19,1
DA:20,1
DA:22,1
DA:23,1
DA:24,1
LF:11
LH:11
BRDA:12,0,0,1
BRDA:14,1,0,1
BRDA:16,2,0,0
BRDA:19,3,0,0
BRDA:20,4,0,0
BRF:5
BRH:2
end_of_record
TN:
SF:src/modules/users/domain/entities/user.ts
FN:18,get name
FN:22,get email
FN:26,get password
FN:30,get status
FN:34,get createdAt
FN:38,get updatedAt
FN:42,touch
FN:46,updateName
FN:51,updateEmail
FN:56,updateStatus
FN:61,delete
FN:66,create
FNF:12
FNH:7
FNDA:2,get name
FNDA:7,get email
FNDA:2,get password
FNDA:1,get status
FNDA:0,get createdAt
FNDA:0,get updatedAt
FNDA:2,touch
FNDA:2,updateName
FNDA:0,updateEmail
FNDA:0,updateStatus
FNDA:0,delete
FNDA:12,create
DA:1,1
DA:17,1
DA:18,1
DA:19,2
DA:20,2
DA:22,1
DA:23,7
DA:24,7
DA:26,1
DA:27,2
DA:28,2
DA:30,1
DA:31,1
DA:32,1
DA:34,1
DA:35,0
DA:36,0
DA:38,1
DA:39,0
DA:40,0
DA:42,1
DA:43,2
DA:44,2
DA:46,1
DA:47,2
DA:48,2
DA:49,2
DA:51,1
DA:52,0
DA:53,0
DA:54,0
DA:56,1
DA:57,0
DA:58,0
DA:59,0
DA:61,1
DA:62,0
DA:63,0
DA:64,0
DA:66,1
DA:67,12
DA:68,12
DA:69,12
DA:70,12
DA:71,12
DA:72,12
DA:73,12
DA:74,12
DA:75,12
DA:77,12
DA:78,12
DA:79,1
LF:52
LH:39
BRDA:18,0,0,2
BRDA:22,1,0,7
BRDA:26,2,0,2
BRDA:30,3,0,1
BRDA:42,4,0,2
BRDA:46,5,0,2
BRDA:66,6,0,12
BRF:7
BRH:7
end_of_record
TN:
SF:src/modules/users/domain/entities/value-objects/password.ts
FN:4,Password
FN:6,create
FN:13,get value
FN:17,compare
FNF:4
FNH:3
FNDA:12,Password
FNDA:12,create
FNDA:0,get value
FNDA:2,compare
DA:1,1
DA:3,1
DA:4,1
DA:6,1
DA:7,12
DA:9,12
DA:10,12
DA:11,12
DA:13,1
DA:14,0
DA:15,0
DA:17,1
DA:18,2
DA:19,2
DA:20,1
LF:15
LH:13
BRDA:4,0,0,12
BRDA:6,1,0,12
BRDA:7,2,0,0
BRDA:17,3,0,2
BRF:4
BRH:3
end_of_record
TN:
SF:src/modules/users/domain/repositories/user-repository.ts
FN:1,(empty-report)
FNF:1
FNH:1
FNDA:1,(empty-report)
LF:0
LH:0
BRDA:1,0,0,1
BRF:1
BRH:1
end_of_record
TN:
SF:src/modules/users/presentation/middlewares/ensure-authenticated.ts
FN:1,(empty-report)
FNF:1
FNH:1
FNDA:1,(empty-report)
DA:2,0
DA:4,0
DA:5,0
DA:6,0
DA:8,0
DA:10,0
DA:11,0
DA:12,0
DA:13,0
DA:14,0
DA:15,0
DA:16,0
DA:17,0
LF:13
LH:0
BRDA:1,0,0,1
BRF:1
BRH:1
end_of_record
TN:
SF:test/factories/make-user.ts
FN:14,makeUser
FNF:1
FNH:1
FNDA:8,makeUser
DA:1,1
DA:2,1
DA:3,1
DA:14,8
DA:15,8
DA:16,8
DA:17,8
DA:18,8
DA:19,8
DA:20,8
DA:21,8
DA:23,8
DA:24,8
DA:25,8
DA:26,8
DA:27,8
DA:28,8
DA:29,8
DA:30,8
LF:19
LH:19
BRDA:14,0,0,8
BRF:1
BRH:1
end_of_record
TN:
SF:test/repositories/in-memory-users-repository.ts
FN:5,InMemoryUserRepository
FN:8,create
FN:12,findByEmail
FN:16,findById
FN:20,findAll
FN:26,update
FN:33,delete
FN:37,count
FNF:8
FNH:8
FNDA:11,InMemoryUserRepository
FNDA:12,create
FNDA:7,findByEmail
FNDA:4,findById
FNDA:1,findAll
FNDA:1,update
FNDA:1,delete
FNDA:3,count
DA:5,1
DA:6,11
DA:8,1
DA:9,12
DA:10,12
DA:12,1
DA:13,7
DA:14,7
DA:16,1
DA:17,4
DA:18,4
DA:20,1
DA:21,1
DA:22,1
DA:23,1
DA:24,1
DA:26,1
DA:27,1
DA:28,1
DA:29,1
DA:30,1
DA:31,1
DA:33,1
DA:34,1
DA:35,1
DA:37,1
DA:38,3
DA:39,3
DA:40,1
LF:29
LH:29
BRDA:5,0,0,11
BRDA:8,1,0,12
BRDA:12,2,0,7
BRDA:13,3,0,3
BRDA:13,4,0,4
BRDA:16,5,0,4
BRDA:17,6,0,1
BRDA:17,7,0,3
BRDA:20,8,0,1
BRDA:26,9,0,1
BRDA:27,10,0,1
BRDA:33,11,0,1
BRDA:34,12,0,1
BRDA:37,13,0,3
BRF:14
BRH:14
end_of_record
